# JRE version: OpenJDK Runtime Environment (8.0_352-b08) (build 1.8.0_352-b08)
# Java VM: OpenJDK 64-Bit Server VM (25.352-b08 mixed mode windows-amd64 compressed oops)
Heap:
 PSYoungGen      total 136704K, used 7780K [0x000000076b800000, 0x0000000776e80000, 0x00000007c0000000)
  eden space 125952K, 1% used [0x000000076b800000,0x000000076ba4a3c8,0x0000000773300000)
  from space 10752K, 50% used [0x0000000773300000,0x000000077384ecf0,0x0000000773d80000)
  to   space 10240K, 0% used [0x0000000776480000,0x0000000776480000,0x0000000776e80000)
 ParOldGen       total 95744K, used 12963K [0x00000006c2800000, 0x00000006c8580000, 0x000000076b800000)
  object space 95744K, 13% used [0x00000006c2800000,0x00000006c34a8e80,0x00000006c8580000)
 Metaspace       used 35761K, capacity 38502K, committed 38528K, reserved 1083392K
  class space    used 4733K, capacity 5235K, committed 5248K, reserved 1048576K
GC Heap History (10 events):
Event: 3.348 GC heap before
{Heap before GC invocations=5 (full 1):
 PSYoungGen      total 75776K, used 65024K [0x000000076b800000, 0x0000000774c00000, 0x00000007c0000000)
  eden space 65024K, 100% used [0x000000076b800000,0x000000076f780000,0x000000076f780000)
  from space 10752K, 0% used [0x000000076f780000,0x000000076f780000,0x0000000770200000)
  to   space 10752K, 0% used [0x0000000774180000,0x0000000774180000,0x0000000774c00000)
 ParOldGen       total 95744K, used 8001K [0x00000006c2800000, 0x00000006c8580000, 0x000000076b800000)
  object space 95744K, 8% used [0x00000006c2800000,0x00000006c2fd0430,0x00000006c8580000)
 Metaspace       used 23960K, capacity 25654K, committed 25728K, reserved 1071104K
  class space    used 3115K, capacity 3439K, committed 3456K, reserved 1048576K
Event: 3.363 GC heap after
Heap after GC invocations=5 (full 1):
 PSYoungGen      total 118272K, used 6345K [0x000000076b800000, 0x0000000774800000, 0x00000007c0000000)
  eden space 111616K, 0% used [0x000000076b800000,0x000000076b800000,0x0000000772500000)
  from space 6656K, 95% used [0x0000000774180000,0x00000007747b2700,0x0000000774800000)
  to   space 10752K, 0% used [0x0000000773300000,0x0000000773300000,0x0000000773d80000)
 ParOldGen       total 95744K, used 8009K [0x00000006c2800000, 0x00000006c8580000, 0x000000076b800000)
  object space 95744K, 8% used [0x00000006c2800000,0x00000006c2fd2430,0x00000006c8580000)
 Metaspace       used 23960K, capacity 25654K, committed 25728K, reserved 1071104K
  class space    used 3115K, capacity 3439K, committed 3456K, reserved 1048576K
}
Event: 4.631 GC heap before
{Heap before GC invocations=6 (full 1):
 PSYoungGen      total 118272K, used 117961K [0x000000076b800000, 0x0000000774800000, 0x00000007c0000000)
  eden space 111616K, 100% used [0x000000076b800000,0x0000000772500000,0x0000000772500000)
  from space 6656K, 95% used [0x0000000774180000,0x00000007747b2700,0x0000000774800000)
  to   space 10752K, 0% used [0x0000000773300000,0x0000000773300000,0x0000000773d80000)
 ParOldGen       total 95744K, used 8009K [0x00000006c2800000, 0x00000006c8580000, 0x000000076b800000)
  object space 95744K, 8% used [0x00000006c2800000,0x00000006c2fd2430,0x00000006c8580000)
 Metaspace       used 28775K, capacity 30830K, committed 31104K, reserved 1077248K
  class space    used 3773K, capacity 4151K, committed 4224K, reserved 1048576K
Event: 4.646 GC heap after
Heap after GC invocations=6 (full 1):
 PSYoungGen      total 122368K, used 9317K [0x000000076b800000, 0x0000000774800000, 0x00000007c0000000)
  eden space 111616K, 0% used [0x000000076b800000,0x000000076b800000,0x0000000772500000)
  from space 10752K, 86% used [0x0000000773300000,0x0000000773c194c8,0x0000000773d80000)
  to   space 6656K, 0% used [0x0000000774180000,0x0000000774180000,0x0000000774800000)
 ParOldGen       total 95744K, used 8017K [0x00000006c2800000, 0x00000006c8580000, 0x000000076b800000)
  object space 95744K, 8% used [0x00000006c2800000,0x00000006c2fd4430,0x00000006c8580000)
 Metaspace       used 28775K, capacity 30830K, committed 31104K, reserved 1077248K
  class space    used 3773K, capacity 4151K, committed 4224K, reserved 1048576K
}
Event: 5.395 GC heap before
{Heap before GC invocations=7 (full 1):
 PSYoungGen      total 122368K, used 69810K [0x000000076b800000, 0x0000000774800000, 0x00000007c0000000)
  eden space 111616K, 54% used [0x000000076b800000,0x000000076f313448,0x0000000772500000)
  from space 10752K, 86% used [0x0000000773300000,0x0000000773c194c8,0x0000000773d80000)
  to   space 6656K, 0% used [0x0000000774180000,0x0000000774180000,0x0000000774800000)
 ParOldGen       total 95744K, used 8017K [0x00000006c2800000, 0x00000006c8580000, 0x000000076b800000)
  object space 95744K, 8% used [0x00000006c2800000,0x00000006c2fd4430,0x00000006c8580000)
 Metaspace       used 33143K, capacity 35290K, committed 35416K, reserved 1079296K
  class space    used 4342K, capacity 4755K, committed 4864K, reserved 1048576K
Event: 5.405 GC heap after
Heap after GC invocations=7 (full 1):
 PSYoungGen      total 118272K, used 6647K [0x000000076b800000, 0x0000000774800000, 0x00000007c0000000)
  eden space 111616K, 0% used [0x000000076b800000,0x000000076b800000,0x0000000772500000)
  from space 6656K, 99% used [0x0000000774180000,0x00000007747fdf78,0x0000000774800000)
  to   space 10752K, 0% used [0x0000000773300000,0x0000000773300000,0x0000000773d80000)
 ParOldGen       total 95744K, used 9153K [0x00000006c2800000, 0x00000006c8580000, 0x000000076b800000)
  object space 95744K, 9% used [0x00000006c2800000,0x00000006c30f07d0,0x00000006c8580000)
 Metaspace       used 33143K, capacity 35290K, committed 35416K, reserved 1079296K
  class space    used 4342K, capacity 4755K, committed 4864K, reserved 1048576K
}
Event: 5.405 GC heap before
{Heap before GC invocations=8 (full 2):
 PSYoungGen      total 118272K, used 6647K [0x000000076b800000, 0x0000000774800000, 0x00000007c0000000)
  eden space 111616K, 0% used [0x000000076b800000,0x000000076b800000,0x0000000772500000)
  from space 6656K, 99% used [0x0000000774180000,0x00000007747fdf78,0x0000000774800000)
  to   space 10752K, 0% used [0x0000000773300000,0x0000000773300000,0x0000000773d80000)
 ParOldGen       total 95744K, used 9153K [0x00000006c2800000, 0x00000006c8580000, 0x000000076b800000)
  object space 95744K, 9% used [0x00000006c2800000,0x00000006c30f07d0,0x00000006c8580000)
 Metaspace       used 33143K, capacity 35290K, committed 35416K, reserved 1079296K
  class space    used 4342K, capacity 4755K, committed 4864K, reserved 1048576K
Event: 5.459 GC heap after
Heap after GC invocations=8 (full 2):
 PSYoungGen      total 118272K, used 0K [0x000000076b800000, 0x0000000774800000, 0x00000007c0000000)
  eden space 111616K, 0% used [0x000000076b800000,0x000000076b800000,0x0000000772500000)
  from space 6656K, 0% used [0x0000000774180000,0x0000000774180000,0x0000000774800000)
  to   space 10752K, 0% used [0x0000000773300000,0x0000000773300000,0x0000000773d80000)
 ParOldGen       total 95744K, used 12955K [0x00000006c2800000, 0x00000006c8580000, 0x000000076b800000)
  object space 95744K, 13% used [0x00000006c2800000,0x00000006c34a6e80,0x00000006c8580000)
 Metaspace       used 33143K, capacity 35290K, committed 35416K, reserved 1079296K
  class space    used 4342K, capacity 4755K, committed 4864K, reserved 1048576K
}
Event: 6.361 GC heap before
{Heap before GC invocations=9 (full 2):
 PSYoungGen      total 118272K, used 111616K [0x000000076b800000, 0x0000000774800000, 0x00000007c0000000)
  eden space 111616K, 100% used [0x000000076b800000,0x0000000772500000,0x0000000772500000)
  from space 6656K, 0% used [0x0000000774180000,0x0000000774180000,0x0000000774800000)
  to   space 10752K, 0% used [0x0000000773300000,0x0000000773300000,0x0000000773d80000)
 ParOldGen       total 95744K, used 12955K [0x00000006c2800000, 0x00000006c8580000, 0x000000076b800000)
  object space 95744K, 13% used [0x00000006c2800000,0x00000006c34a6e80,0x00000006c8580000)
 Metaspace       used 35709K, capacity 38406K, committed 38528K, reserved 1083392K
  class space    used 4726K, capacity 5203K, committed 5248K, reserved 1048576K
Event: 6.365 GC heap after
Heap after GC invocations=9 (full 2):
 PSYoungGen      total 136704K, used 5435K [0x000000076b800000, 0x0000000776e80000, 0x00000007c0000000)
  eden space 125952K, 0% used [0x000000076b800000,0x000000076b800000,0x0000000773300000)
  from space 10752K, 50% used [0x0000000773300000,0x000000077384ecf0,0x0000000773d80000)
  to   space 10240K, 0% used [0x0000000776480000,0x0000000776480000,0x0000000776e80000)
 ParOldGen       total 95744K, used 12963K [0x00000006c2800000, 0x00000006c8580000, 0x000000076b800000)
  object space 95744K, 13% used [0x00000006c2800000,0x00000006c34a8e80,0x00000006c8580000)
 Metaspace       used 35709K, capacity 38406K, committed 38528K, reserved 1083392K
  class space    used 4726K, capacity 5203K, committed 5248K, reserved 1048576K
}

